<?xml version="1.0" encoding="UTF-8"?>
<!-- Generated by org.testng.reporters.JUnitReportReporter -->
<testsuite hostname="DESKTOP-R1BQD8J" failures="0" tests="1" name="runner.FeatureRunnerClass" time="132.376" errors="1" timestamp="2023-11-09T14:38:33 IST" skipped="0">
  <testcase classname="runner.FeatureRunnerClass" name="runScenario" time="132.376">
    <error type="java.lang.ArrayIndexOutOfBoundsException">
      <![CDATA[java.lang.ArrayIndexOutOfBoundsException
at com.bellatrix.stepDefination.HomeStepDef.open(HomeStepDef.java:128)
at ✽.Open myntra(file:///C:/Users/DELL/eclipse-workspace/Test/Bellatrix/src/test/resources/Features/Home.feature:36)
]]>
    </error>
  </testcase> <!-- runScenario -->
</testsuite> <!-- runner.FeatureRunnerClass -->
