<?xml version="1.0" encoding="UTF-8"?>
<!-- Generated by org.testng.reporters.JUnitXMLReporter -->
<testsuite ignored="0" hostname="DESKTOP-R1BQD8J" failures="1" tests="1" name="Default test" time="134.916" errors="0" timestamp="2023-11-09T14:38:32 IST">
  <testcase classname="io.cucumber.testng.AbstractTestNGCucumberTests" name="runScenario" time="132.376">
    <failure type="java.lang.ArrayIndexOutOfBoundsException">
      <![CDATA[java.lang.ArrayIndexOutOfBoundsException
at com.bellatrix.stepDefination.HomeStepDef.open(HomeStepDef.java:128)
at ✽.Open myntra(file:///C:/Users/DELL/eclipse-workspace/Test/Bellatrix/src/test/resources/Features/Home.feature:36)
]]>
    </failure>
  </testcase> <!-- runScenario -->
</testsuite> <!-- Default test -->
