<?xml version="1.0" encoding="UTF-8"?>
<testng-results ignored="0" total="1" passed="0" failed="1" skipped="0">
  <reporter-output>
  </reporter-output>
  <suite started-at="2023-11-09T14:36:17 IST" name="Default suite" finished-at="2023-11-09T14:38:32 IST" duration-ms="134916">
    <groups>
      <group name="cucumber">
        <method signature="AbstractTestNGCucumberTests.runScenario(io.cucumber.testng.PickleWrapper, io.cucumber.testng.FeatureWrapper)[pri:0, instance:runner.FeatureRunnerClass@6995bf68]" name="runScenario" class="io.cucumber.testng.AbstractTestNGCucumberTests"/>
      </group> <!-- cucumber -->
    </groups>
    <test started-at="2023-11-09T14:36:17 IST" name="Default test" finished-at="2023-11-09T14:38:32 IST" duration-ms="134916">
      <class name="runner.FeatureRunnerClass">
        <test-method is-config="true" signature="setUpClass(org.testng.ITestContext)[pri:0, instance:runner.FeatureRunnerClass@6995bf68]" started-at="2023-11-09T14:36:17 IST" name="setUpClass" finished-at="2023-11-09T14:36:19 IST" duration-ms="1683" status="PASS">
          <params>
            <param index="0">
              <value>
                <![CDATA[org.testng.TestRunner@77f4c040]]>
              </value>
            </param>
          </params>
          <reporter-output>
          </reporter-output>
        </test-method> <!-- setUpClass -->
        <test-method signature="runScenario(io.cucumber.testng.PickleWrapper, io.cucumber.testng.FeatureWrapper)[pri:0, instance:runner.FeatureRunnerClass@6995bf68]" started-at="2023-11-09T14:36:19 IST" name="runScenario" description="Runs Cucumber Scenarios" data-provider="scenarios" finished-at="2023-11-09T14:38:32 IST" duration-ms="132376" status="FAIL">
          <params>
            <param index="0">
              <value>
                <![CDATA["abe"]]>
              </value>
            </param>
            <param index="1">
              <value>
                <![CDATA["To verify home page fuctionality"]]>
              </value>
            </param>
          </params>
          <exception class="java.lang.ArrayIndexOutOfBoundsException">
            <full-stacktrace>
              <![CDATA[java.lang.ArrayIndexOutOfBoundsException
at com.bellatrix.stepDefination.HomeStepDef.open(HomeStepDef.java:128)
at ✽.Open myntra(file:///C:/Users/DELL/eclipse-workspace/Test/Bellatrix/src/test/resources/Features/Home.feature:36)
]]>
            </full-stacktrace>
          </exception> <!-- java.lang.ArrayIndexOutOfBoundsException -->
          <reporter-output>
          </reporter-output>
        </test-method> <!-- runScenario -->
        <test-method is-config="true" signature="tearDownClass()[pri:0, instance:runner.FeatureRunnerClass@6995bf68]" started-at="2023-11-09T14:38:32 IST" name="tearDownClass" finished-at="2023-11-09T14:38:32 IST" duration-ms="6" status="PASS">
          <reporter-output>
          </reporter-output>
        </test-method> <!-- tearDownClass -->
      </class> <!-- runner.FeatureRunnerClass -->
    </test> <!-- Default test -->
  </suite> <!-- Default suite -->
</testng-results>
